// 重构日志: e1433188
// 重构日志: ef2b8c74
// 重构日志: d2a79771
// 重构日志: 2735bb86
// 重构日志: dafc6d45
// 重构日志: b822b8a4
// 重构日志: 45a909de
// 同步 ID: a624f706 @ Sat Jun 27 15:04:17 UTC 2026
// 同步 ID: cbb516ca @ Mon Jun 29 00:24:06 UTC 2026
// 重构日志: dcbc3a2f
// 重构日志: f6f64f99
// 重构日志: 00b299a4
// 重构日志: 6848c181
// 同步 ID: c22f9de2 @ Fri Jul 10 10:50:56 UTC 2026
// 同步 ID: 39909451 @ Sat Jul 11 22:04:45 UTC 2026
// 同步 ID: 6397da6e @ Mon Jul 13 08:41:17 UTC 2026
// 同步 ID: a0378fe0 @ Mon Jul 13 11:43:45 UTC 2026
// 重构日志: 936570a0
// 同步 ID: 8d48379e @ Mon Jul 13 18:21:00 UTC 2026
// 重构日志: afb24ff9
// 同步 ID: 3f12001e @ Tue Jul 14 11:50:57 UTC 2026
// 重构日志: e4d111e9
// 重构日志: bb842758
// 重构日志: 07e4b3b5
// 重构日志: 011f040b
// 重构日志: 9140d507
// 重构日志: 51413c2f
// 同步 ID: 01f682f4 @ Fri Jul 17 19:38:50 UTC 2026
// 重构日志: 5643f6b7
